# JRE version: Java(TM) SE Runtime Environment (20.0.2+9) (build 20.0.2+9-78)
# Java VM: Java HotSpot(TM) 64-Bit Server VM (20.0.2+9-78, mixed mode, sharing, tiered, compressed oops, compressed class ptrs, g1 gc, windows-amd64)
GC Precious Log:
 CardTable entry size: 512
 Card Set container configuration: InlinePtr #cards 4 size 8 Array Of Cards #cards 16 size 48 Howl #buckets 8 coarsen threshold 3686 Howl Bitmap #cards 512 size 80 coarsen threshold 460 Card regions per heap region 1 cards per card region 4096
 CPUs: 8 total, 8 available
 Memory: 16108M
 Large Page Support: Disabled
 NUMA Support: Disabled
 Compressed Oops: Enabled (Zero based)
 Heap Region Size: 2M
 Heap Min Capacity: 8M
 Heap Initial Capacity: 252M
 Heap Max Capacity: 4028M
 Pre-touch: Disabled
 Parallel Workers: 8
 Concurrent Workers: 2
 Concurrent Refinement Workers: 8
 Periodic GC: Disabled
Heap:
 garbage-first heap   total 258048K, used 110795K [0x0000000704400000, 0x0000000800000000)
  region size 2048K, 49 young (100352K), 3 survivors (6144K)
 Metaspace       used 17291K, committed 17664K, reserved 1114112K
  class space    used 1815K, committed 1984K, reserved 1048576K
GC Heap History (20 events):
Event: 5128.961 GC heap before
{Heap before GC invocations=23 (full 0):
 garbage-first heap   total 258048K, used 162403K [0x0000000704400000, 0x0000000800000000)
  region size 2048K, 75 young (153600K), 2 survivors (4096K)
 Metaspace       used 16639K, committed 16960K, reserved 1114112K
  class space    used 1750K, committed 1920K, reserved 1048576K
}
Event: 5128.963 GC heap after
{Heap after GC invocations=24 (full 0):
 garbage-first heap   total 258048K, used 15131K [0x0000000704400000, 0x0000000800000000)
  region size 2048K, 2 young (4096K), 2 survivors (4096K)
 Metaspace       used 16639K, committed 16960K, reserved 1114112K
  class space    used 1750K, committed 1920K, reserved 1048576K
}
Event: 5281.721 GC heap before
{Heap before GC invocations=24 (full 0):
 garbage-first heap   total 258048K, used 162587K [0x0000000704400000, 0x0000000800000000)
  region size 2048K, 75 young (153600K), 2 survivors (4096K)
 Metaspace       used 16644K, committed 16960K, reserved 1114112K
  class space    used 1750K, committed 1920K, reserved 1048576K
}
Event: 5281.723 GC heap after
{Heap after GC invocations=25 (full 0):
 garbage-first heap   total 258048K, used 15258K [0x0000000704400000, 0x0000000800000000)
  region size 2048K, 2 young (4096K), 2 survivors (4096K)
 Metaspace       used 16644K, committed 16960K, reserved 1114112K
  class space    used 1750K, committed 1920K, reserved 1048576K
}
Event: 5547.461 GC heap before
{Heap before GC invocations=25 (full 0):
 garbage-first heap   total 258048K, used 162714K [0x0000000704400000, 0x0000000800000000)
  region size 2048K, 75 young (153600K), 2 survivors (4096K)
 Metaspace       used 16668K, committed 17024K, reserved 1114112K
  class space    used 1750K, committed 1920K, reserved 1048576K
}
Event: 5547.463 GC heap after
{Heap after GC invocations=26 (full 0):
 garbage-first heap   total 258048K, used 15536K [0x0000000704400000, 0x0000000800000000)
  region size 2048K, 2 young (4096K), 2 survivors (4096K)
 Metaspace       used 16668K, committed 17024K, reserved 1114112K
  class space    used 1750K, committed 1920K, reserved 1048576K
}
Event: 5822.917 GC heap before
{Heap before GC invocations=26 (full 0):
 garbage-first heap   total 258048K, used 162992K [0x0000000704400000, 0x0000000800000000)
  region size 2048K, 75 young (153600K), 2 survivors (4096K)
 Metaspace       used 16675K, committed 17024K, reserved 1114112K
  class space    used 1750K, committed 1920K, reserved 1048576K
}
Event: 5822.919 GC heap after
{Heap after GC invocations=27 (full 0):
 garbage-first heap   total 258048K, used 15796K [0x0000000704400000, 0x0000000800000000)
  region size 2048K, 2 young (4096K), 2 survivors (4096K)
 Metaspace       used 16675K, committed 17024K, reserved 1114112K
  class space    used 1750K, committed 1920K, reserved 1048576K
}
Event: 7437.417 GC heap before
{Heap before GC invocations=27 (full 0):
 garbage-first heap   total 258048K, used 163252K [0x0000000704400000, 0x0000000800000000)
  region size 2048K, 75 young (153600K), 2 survivors (4096K)
 Metaspace       used 17041K, committed 17280K, reserved 1114112K
  class space    used 1805K, committed 1920K, reserved 1048576K
}
Event: 7437.419 GC heap after
{Heap after GC invocations=28 (full 0):
 garbage-first heap   total 258048K, used 16583K [0x0000000704400000, 0x0000000800000000)
  region size 2048K, 3 young (6144K), 3 survivors (6144K)
 Metaspace       used 17041K, committed 17280K, reserved 1114112K
  class space    used 1805K, committed 1920K, reserved 1048576K
}
Event: 7982.298 GC heap before
{Heap before GC invocations=28 (full 0):
 garbage-first heap   total 258048K, used 161991K [0x0000000704400000, 0x0000000800000000)
  region size 2048K, 75 young (153600K), 3 survivors (6144K)
 Metaspace       used 17059K, committed 17344K, reserved 1114112K
  class space    used 1805K, committed 1920K, reserved 1048576K
}
Event: 7982.301 GC heap after
{Heap after GC invocations=29 (full 0):
 garbage-first heap   total 258048K, used 16779K [0x0000000704400000, 0x0000000800000000)
  region size 2048K, 3 young (6144K), 3 survivors (6144K)
 Metaspace       used 17059K, committed 17344K, reserved 1114112K
  class space    used 1805K, committed 1920K, reserved 1048576K
}
Event: 8325.111 GC heap before
{Heap before GC invocations=29 (full 0):
 garbage-first heap   total 258048K, used 162187K [0x0000000704400000, 0x0000000800000000)
  region size 2048K, 75 young (153600K), 3 survivors (6144K)
 Metaspace       used 17070K, committed 17344K, reserved 1114112K
  class space    used 1805K, committed 1920K, reserved 1048576K
}
Event: 8325.121 GC heap after
{Heap after GC invocations=30 (full 0):
 garbage-first heap   total 258048K, used 17169K [0x0000000704400000, 0x0000000800000000)
  region size 2048K, 3 young (6144K), 3 survivors (6144K)
 Metaspace       used 17070K, committed 17344K, reserved 1114112K
  class space    used 1805K, committed 1920K, reserved 1048576K
}
Event: 8516.099 GC heap before
{Heap before GC invocations=30 (full 0):
 garbage-first heap   total 258048K, used 162577K [0x0000000704400000, 0x0000000800000000)
  region size 2048K, 75 young (153600K), 3 survivors (6144K)
 Metaspace       used 17083K, committed 17344K, reserved 1114112K
  class space    used 1805K, committed 1920K, reserved 1048576K
}
Event: 8516.101 GC heap after
{Heap after GC invocations=31 (full 0):
 garbage-first heap   total 258048K, used 17717K [0x0000000704400000, 0x0000000800000000)
  region size 2048K, 3 young (6144K), 3 survivors (6144K)
 Metaspace       used 17083K, committed 17344K, reserved 1114112K
  class space    used 1805K, committed 1920K, reserved 1048576K
}
Event: 10288.143 GC heap before
{Heap before GC invocations=31 (full 0):
 garbage-first heap   total 258048K, used 163125K [0x0000000704400000, 0x0000000800000000)
  region size 2048K, 75 young (153600K), 3 survivors (6144K)
 Metaspace       used 17180K, committed 17536K, reserved 1114112K
  class space    used 1815K, committed 1984K, reserved 1048576K
}
Event: 10288.153 GC heap after
{Heap after GC invocations=32 (full 0):
 garbage-first heap   total 258048K, used 18323K [0x0000000704400000, 0x0000000800000000)
  region size 2048K, 3 young (6144K), 3 survivors (6144K)
 Metaspace       used 17180K, committed 17536K, reserved 1114112K
  class space    used 1815K, committed 1984K, reserved 1048576K
}
Event: 10432.561 GC heap before
{Heap before GC invocations=32 (full 0):
 garbage-first heap   total 258048K, used 163731K [0x0000000704400000, 0x0000000800000000)
  region size 2048K, 75 young (153600K), 3 survivors (6144K)
 Metaspace       used 17194K, committed 17536K, reserved 1114112K
  class space    used 1815K, committed 1984K, reserved 1048576K
}
Event: 10432.563 GC heap after
{Heap after GC invocations=33 (full 0):
 garbage-first heap   total 258048K, used 18635K [0x0000000704400000, 0x0000000800000000)
  region size 2048K, 3 young (6144K), 3 survivors (6144K)
 Metaspace       used 17194K, committed 17536K, reserved 1114112K
  class space    used 1815K, committed 1984K, reserved 1048576K
}

